app/build/intermediates/manifest_merge_blame_file/debug/processDebugMainManifest/manifest-merger-blame-debug-report.txt
1<?xml version="1.0" encoding="utf-8"?>
2<manifest xmlns:android="http://schemas.android.com/apk/res/android"
3    package="com.hkweather.app"
4    android:versionCode="1"
5    android:versionName="1.0.0" >
6
7    <uses-sdk
8        android:minSdkVersion="26"
9        android:targetSdkVersion="35" />
10
11    <uses-permission android:name="android.permission.INTERNET" />
11-->src/main/AndroidManifest.xml:4:5-67
11-->src/main/AndroidManifest.xml:4:22-64
12    <uses-permission android:name="android.permission.ACCESS_COARSE_LOCATION" />
12-->src/main/AndroidManifest.xml:5:5-81
12-->src/main/AndroidManifest.xml:5:22-78
13    <uses-permission android:name="android.permission.ACCESS_FINE_LOCATION" />
13-->src/main/AndroidManifest.xml:6:5-79
13-->src/main/AndroidManifest.xml:6:22-76
14    <uses-permission android:name="android.permission.WAKE_LOCK" />
14-->[androidx.work:work-runtime:2.10.0] AndroidManifest.xml:23:5-68
14-->[androidx.work:work-runtime:2.10.0] AndroidManifest.xml:23:22-65
15    <uses-permission android:name="android.permission.ACCESS_NETWORK_STATE" />
15-->[androidx.work:work-runtime:2.10.0] AndroidManifest.xml:24:5-79
15-->[androidx.work:work-runtime:2.10.0] AndroidManifest.xml:24:22-76
16    <uses-permission android:name="android.permission.RECEIVE_BOOT_COMPLETED" />
16-->[androidx.work:work-runtime:2.10.0] AndroidManifest.xml:25:5-81
16-->[androidx.work:work-runtime:2.10.0] AndroidManifest.xml:25:22-78
17    <uses-permission android:name="android.permission.FOREGROUND_SERVICE" />
17-->[androidx.work:work-runtime:2.10.0] AndroidManifest.xml:26:5-77
17-->[androidx.work:work-runtime:2.10.0] AndroidManifest.xml:26:22-74
18
19    <permission
19-->[androidx.core:core:1.15.0] AndroidManifest.xml:22:5-24:47
20        android:name="com.hkweather.app.DYNAMIC_RECEIVER_NOT_EXPORTED_PERMISSION"
20-->[androidx.core:core:1.15.0] AndroidManifest.xml:23:9-81
21        android:protectionLevel="signature" />
21-->[androidx.core:core:1.15.0] AndroidManifest.xml:24:9-44
22
23    <uses-permission android:name="com.hkweather.app.DYNAMIC_RECEIVER_NOT_EXPORTED_PERMISSION" />
23-->[androidx.core:core:1.15.0] AndroidManifest.xml:26:5-97
23-->[androidx.core:core:1.15.0] AndroidManifest.xml:26:22-94
24
25    <supports-screens
25-->[org.osmdroid:osmdroid-android:6.1.20] AndroidManifest.xml:9:5-12:40
26        android:anyDensity="true"
26-->[org.osmdroid:osmdroid-android:6.1.20] AndroidManifest.xml:10:9-34
27        android:largeScreens="true"
27-->[org.osmdroid:osmdroid-android:6.1.20] AndroidManifest.xml:11:9-36
28        android:normalScreens="true" />
28-->[org.osmdroid:osmdroid-android:6.1.20] AndroidManifest.xml:12:9-37
29
30    <uses-feature
30-->[org.osmdroid:osmdroid-android:6.1.20] AndroidManifest.xml:14:5-16:36
31        android:name="android.hardware.location.network"
31-->[org.osmdroid:osmdroid-android:6.1.20] AndroidManifest.xml:15:9-57
32        android:required="false" />
32-->[org.osmdroid:osmdroid-android:6.1.20] AndroidManifest.xml:16:9-33
33    <uses-feature
33-->[org.osmdroid:osmdroid-android:6.1.20] AndroidManifest.xml:17:5-19:36
34        android:name="android.hardware.location.gps"
34-->[org.osmdroid:osmdroid-android:6.1.20] AndroidManifest.xml:18:9-53
35        android:required="false" />
35-->[org.osmdroid:osmdroid-android:6.1.20] AndroidManifest.xml:19:9-33
36    <uses-feature
36-->[org.osmdroid:osmdroid-android:6.1.20] AndroidManifest.xml:20:5-22:36
37        android:name="android.hardware.telephony"
37-->[org.osmdroid:osmdroid-android:6.1.20] AndroidManifest.xml:21:9-50
38        android:required="false" />
38-->[org.osmdroid:osmdroid-android:6.1.20] AndroidManifest.xml:22:9-33
39    <uses-feature
39-->[org.osmdroid:osmdroid-android:6.1.20] AndroidManifest.xml:23:5-25:36
40        android:name="android.hardware.wifi"
40-->[org.osmdroid:osmdroid-android:6.1.20] AndroidManifest.xml:24:9-45
41        android:required="false" />
41-->[org.osmdroid:osmdroid-android:6.1.20] AndroidManifest.xml:25:9-33
42
43    <application
43-->src/main/AndroidManifest.xml:8:5-38:19
44        android:name="com.hkweather.app.WeatherApplication"
44-->src/main/AndroidManifest.xml:9:9-43
45        android:allowBackup="true"
45-->src/main/AndroidManifest.xml:10:9-35
46        android:appComponentFactory="androidx.core.app.CoreComponentFactory"
46-->[androidx.core:core:1.15.0] AndroidManifest.xml:28:18-86
47        android:debuggable="true"
48        android:extractNativeLibs="false"
49        android:icon="@mipmap/ic_launcher"
49-->src/main/AndroidManifest.xml:11:9-43
50        android:label="@string/app_name"
50-->src/main/AndroidManifest.xml:12:9-41
51        android:roundIcon="@mipmap/ic_launcher_round"
51-->src/main/AndroidManifest.xml:13:9-54
52        android:supportsRtl="true"
52-->src/main/AndroidManifest.xml:14:9-35
53        android:testOnly="true"
54        android:theme="@style/Theme.HongKongWeather" >
54-->src/main/AndroidManifest.xml:15:9-53
55        <activity
55-->src/main/AndroidManifest.xml:17:9-25:20
56            android:name="com.hkweather.app.MainActivity"
56-->src/main/AndroidManifest.xml:18:13-41
57            android:exported="true"
57-->src/main/AndroidManifest.xml:19:13-36
58            android:theme="@style/Theme.HongKongWeather" >
58-->src/main/AndroidManifest.xml:20:13-57
59            <intent-filter>
59-->src/main/AndroidManifest.xml:21:13-24:29
60                <action android:name="android.intent.action.MAIN" />
60-->src/main/AndroidManifest.xml:22:17-69
60-->src/main/AndroidManifest.xml:22:25-66
61
62                <category android:name="android.intent.category.LAUNCHER" />
62-->src/main/AndroidManifest.xml:23:17-77
62-->src/main/AndroidManifest.xml:23:27-74
63            </intent-filter>
64        </activity>
65
66        <receiver
66-->src/main/AndroidManifest.xml:27:9-37:20
67            android:name="com.hkweather.app.widget.WeatherWidgetReceiver"
67-->src/main/AndroidManifest.xml:28:13-57
68            android:exported="true"
68-->src/main/AndroidManifest.xml:29:13-36
69            android:label="@string/widget_name" >
69-->src/main/AndroidManifest.xml:30:13-48
70            <intent-filter>
70-->src/main/AndroidManifest.xml:31:13-33:29
71                <action android:name="android.appwidget.action.APPWIDGET_UPDATE" />
71-->src/main/AndroidManifest.xml:32:17-84
71-->src/main/AndroidManifest.xml:32:25-81
72            </intent-filter>
73
74            <meta-data
74-->src/main/AndroidManifest.xml:34:13-36:63
75                android:name="android.appwidget.provider"
75-->src/main/AndroidManifest.xml:35:17-58
76                android:resource="@xml/weather_widget_info" />
76-->src/main/AndroidManifest.xml:36:17-60
77        </receiver>
78
79        <activity
79-->[androidx.glance:glance-appwidget:1.1.1] AndroidManifest.xml:23:9-28:62
80            android:name="androidx.glance.appwidget.action.ActionTrampolineActivity"
80-->[androidx.glance:glance-appwidget:1.1.1] AndroidManifest.xml:24:13-85
81            android:enabled="true"
81-->[androidx.glance:glance-appwidget:1.1.1] AndroidManifest.xml:25:13-35
82            android:excludeFromRecents="true"
82-->[androidx.glance:glance-appwidget:1.1.1] AndroidManifest.xml:26:13-46
83            android:exported="false"
83-->[androidx.glance:glance-appwidget:1.1.1] AndroidManifest.xml:27:13-37
84            android:theme="@android:style/Theme.NoDisplay" />
84-->[androidx.glance:glance-appwidget:1.1.1] AndroidManifest.xml:28:13-59
85        <activity
85-->[androidx.glance:glance-appwidget:1.1.1] AndroidManifest.xml:29:9-36:81
86            android:name="androidx.glance.appwidget.action.InvisibleActionTrampolineActivity"
86-->[androidx.glance:glance-appwidget:1.1.1] AndroidManifest.xml:30:13-94
87            android:enabled="true"
87-->[androidx.glance:glance-appwidget:1.1.1] AndroidManifest.xml:31:13-35
88            android:exported="false"
88-->[androidx.glance:glance-appwidget:1.1.1] AndroidManifest.xml:32:13-37
89            android:launchMode="singleInstance"
89-->[androidx.glance:glance-appwidget:1.1.1] AndroidManifest.xml:33:13-48
90            android:noHistory="true"
90-->[androidx.glance:glance-appwidget:1.1.1] AndroidManifest.xml:34:13-37
91            android:taskAffinity="androidx.glance.appwidget.ListAdapterCallbackTrampoline"
91-->[androidx.glance:glance-appwidget:1.1.1] AndroidManifest.xml:35:13-91
92            android:theme="@style/Widget.Glance.AppWidget.CallbackTrampoline" />
92-->[androidx.glance:glance-appwidget:1.1.1] AndroidManifest.xml:36:13-78
93
94        <receiver
94-->[androidx.glance:glance-appwidget:1.1.1] AndroidManifest.xml:38:9-41:40
95            android:name="androidx.glance.appwidget.action.ActionCallbackBroadcastReceiver"
95-->[androidx.glance:glance-appwidget:1.1.1] AndroidManifest.xml:39:13-92
96            android:enabled="true"
96-->[androidx.glance:glance-appwidget:1.1.1] AndroidManifest.xml:40:13-35
97            android:exported="false" />
97-->[androidx.glance:glance-appwidget:1.1.1] AndroidManifest.xml:41:13-37
98        <receiver
98-->[androidx.glance:glance-appwidget:1.1.1] AndroidManifest.xml:42:9-45:40
99            android:name="androidx.glance.appwidget.UnmanagedSessionReceiver"
99-->[androidx.glance:glance-appwidget:1.1.1] AndroidManifest.xml:43:13-78
100            android:enabled="true"
100-->[androidx.glance:glance-appwidget:1.1.1] AndroidManifest.xml:44:13-35
101            android:exported="false" />
101-->[androidx.glance:glance-appwidget:1.1.1] AndroidManifest.xml:45:13-37
102        <receiver
102-->[androidx.glance:glance-appwidget:1.1.1] AndroidManifest.xml:46:9-53:20
103            android:name="androidx.glance.appwidget.MyPackageReplacedReceiver"
103-->[androidx.glance:glance-appwidget:1.1.1] AndroidManifest.xml:47:13-79
104            android:enabled="true"
104-->[androidx.glance:glance-appwidget:1.1.1] AndroidManifest.xml:48:13-35
105            android:exported="false" >
105-->[androidx.glance:glance-appwidget:1.1.1] AndroidManifest.xml:49:13-37
106            <intent-filter>
106-->[androidx.glance:glance-appwidget:1.1.1] AndroidManifest.xml:50:13-52:29
107                <action android:name="android.intent.action.MY_PACKAGE_REPLACED" />
107-->[androidx.glance:glance-appwidget:1.1.1] AndroidManifest.xml:51:17-84
107-->[androidx.glance:glance-appwidget:1.1.1] AndroidManifest.xml:51:25-81
108            </intent-filter>
109        </receiver>
110
111        <service
111-->[androidx.glance:glance-appwidget:1.1.1] AndroidManifest.xml:55:9-58:72
112            android:name="androidx.glance.appwidget.GlanceRemoteViewsService"
112-->[androidx.glance:glance-appwidget:1.1.1] AndroidManifest.xml:56:13-78
113            android:exported="true"
113-->[androidx.glance:glance-appwidget:1.1.1] AndroidManifest.xml:57:13-36
114            android:permission="android.permission.BIND_REMOTEVIEWS" />
114-->[androidx.glance:glance-appwidget:1.1.1] AndroidManifest.xml:58:13-69
115
116        <activity
116-->[com.google.android.gms:play-services-base:18.5.0] AndroidManifest.xml:5:9-173
117            android:name="com.google.android.gms.common.api.GoogleApiActivity"
117-->[com.google.android.gms:play-services-base:18.5.0] AndroidManifest.xml:5:19-85
118            android:exported="false"
118-->[com.google.android.gms:play-services-base:18.5.0] AndroidManifest.xml:5:146-170
119            android:theme="@android:style/Theme.Translucent.NoTitleBar" />
119-->[com.google.android.gms:play-services-base:18.5.0] AndroidManifest.xml:5:86-145
120
121        <meta-data
121-->[com.google.android.gms:play-services-basement:18.4.0] AndroidManifest.xml:6:9-122
122            android:name="com.google.android.gms.version"
122-->[com.google.android.gms:play-services-basement:18.4.0] AndroidManifest.xml:6:20-65
123            android:value="@integer/google_play_services_version" />
123-->[com.google.android.gms:play-services-basement:18.4.0] AndroidManifest.xml:6:66-119
124
125        <service
125-->[androidx.core:core-remoteviews:1.1.0] AndroidManifest.xml:24:9-27:63
126            android:name="androidx.core.widget.RemoteViewsCompatService"
126-->[androidx.core:core-remoteviews:1.1.0] AndroidManifest.xml:25:13-73
127            android:permission="android.permission.BIND_REMOTEVIEWS" />
127-->[androidx.core:core-remoteviews:1.1.0] AndroidManifest.xml:26:13-69
128
129        <provider
129-->[androidx.work:work-runtime:2.10.0] AndroidManifest.xml:29:9-37:20
130            android:name="androidx.startup.InitializationProvider"
130-->[androidx.work:work-runtime:2.10.0] AndroidManifest.xml:30:13-67
131            android:authorities="com.hkweather.app.androidx-startup"
131-->[androidx.work:work-runtime:2.10.0] AndroidManifest.xml:31:13-68
132            android:exported="false" >
132-->[androidx.work:work-runtime:2.10.0] AndroidManifest.xml:32:13-37
133            <meta-data
133-->[androidx.work:work-runtime:2.10.0] AndroidManifest.xml:34:13-36:52
134                android:name="androidx.work.WorkManagerInitializer"
134-->[androidx.work:work-runtime:2.10.0] AndroidManifest.xml:35:17-68
135                android:value="androidx.startup" />
135-->[androidx.work:work-runtime:2.10.0] AndroidManifest.xml:36:17-49
136            <meta-data
136-->[androidx.emoji2:emoji2:1.3.0] AndroidManifest.xml:29:13-31:52
137                android:name="androidx.emoji2.text.EmojiCompatInitializer"
137-->[androidx.emoji2:emoji2:1.3.0] AndroidManifest.xml:30:17-75
138                android:value="androidx.startup" />
138-->[androidx.emoji2:emoji2:1.3.0] AndroidManifest.xml:31:17-49
139            <meta-data
139-->[androidx.lifecycle:lifecycle-process:2.8.7] AndroidManifest.xml:29:13-31:52
140                android:name="androidx.lifecycle.ProcessLifecycleInitializer"
140-->[androidx.lifecycle:lifecycle-process:2.8.7] AndroidManifest.xml:30:17-78
141                android:value="androidx.startup" />
141-->[androidx.lifecycle:lifecycle-process:2.8.7] AndroidManifest.xml:31:17-49
142            <meta-data
142-->[androidx.profileinstaller:profileinstaller:1.3.1] AndroidManifest.xml:29:13-31:52
143                android:name="androidx.profileinstaller.ProfileInstallerInitializer"
143-->[androidx.profileinstaller:profileinstaller:1.3.1] AndroidManifest.xml:30:17-85
144                android:value="androidx.startup" />
144-->[androidx.profileinstaller:profileinstaller:1.3.1] AndroidManifest.xml:31:17-49
145        </provider>
146
147        <service
147-->[androidx.work:work-runtime:2.10.0] AndroidManifest.xml:39:9-45:35
148            android:name="androidx.work.impl.background.systemalarm.SystemAlarmService"
148-->[androidx.work:work-runtime:2.10.0] AndroidManifest.xml:40:13-88
149            android:directBootAware="false"
149-->[androidx.work:work-runtime:2.10.0] AndroidManifest.xml:41:13-44
150            android:enabled="@bool/enable_system_alarm_service_default"
150-->[androidx.work:work-runtime:2.10.0] AndroidManifest.xml:42:13-72
151            android:exported="false" />
151-->[androidx.work:work-runtime:2.10.0] AndroidManifest.xml:43:13-37
152        <service
152-->[androidx.work:work-runtime:2.10.0] AndroidManifest.xml:46:9-52:35
153            android:name="androidx.work.impl.background.systemjob.SystemJobService"
153-->[androidx.work:work-runtime:2.10.0] AndroidManifest.xml:47:13-84
154            android:directBootAware="false"
154-->[androidx.work:work-runtime:2.10.0] AndroidManifest.xml:48:13-44
155            android:enabled="@bool/enable_system_job_service_default"
155-->[androidx.work:work-runtime:2.10.0] AndroidManifest.xml:49:13-70
156            android:exported="true"
156-->[androidx.work:work-runtime:2.10.0] AndroidManifest.xml:50:13-36
157            android:permission="android.permission.BIND_JOB_SERVICE" />
157-->[androidx.work:work-runtime:2.10.0] AndroidManifest.xml:51:13-69
158        <service
158-->[androidx.work:work-runtime:2.10.0] AndroidManifest.xml:53:9-59:35
159            android:name="androidx.work.impl.foreground.SystemForegroundService"
159-->[androidx.work:work-runtime:2.10.0] AndroidManifest.xml:54:13-81
160            android:directBootAware="false"
160-->[androidx.work:work-runtime:2.10.0] AndroidManifest.xml:55:13-44
161            android:enabled="@bool/enable_system_foreground_service_default"
161-->[androidx.work:work-runtime:2.10.0] AndroidManifest.xml:56:13-77
162            android:exported="false" />
162-->[androidx.work:work-runtime:2.10.0] AndroidManifest.xml:57:13-37
163
164        <receiver
164-->[androidx.work:work-runtime:2.10.0] AndroidManifest.xml:61:9-66:35
165            android:name="androidx.work.impl.utils.ForceStopRunnable$BroadcastReceiver"
165-->[androidx.work:work-runtime:2.10.0] AndroidManifest.xml:62:13-88
166            android:directBootAware="false"
166-->[androidx.work:work-runtime:2.10.0] AndroidManifest.xml:63:13-44
167            android:enabled="true"
167-->[androidx.work:work-runtime:2.10.0] AndroidManifest.xml:64:13-35
168            android:exported="false" />
168-->[androidx.work:work-runtime:2.10.0] AndroidManifest.xml:65:13-37
169        <receiver
169-->[androidx.work:work-runtime:2.10.0] AndroidManifest.xml:67:9-77:20
170            android:name="androidx.work.impl.background.systemalarm.ConstraintProxy$BatteryChargingProxy"
170-->[androidx.work:work-runtime:2.10.0] AndroidManifest.xml:68:13-106
171            android:directBootAware="false"
171-->[androidx.work:work-runtime:2.10.0] AndroidManifest.xml:69:13-44
172            android:enabled="false"
172-->[androidx.work:work-runtime:2.10.0] AndroidManifest.xml:70:13-36
173            android:exported="false" >
173-->[androidx.work:work-runtime:2.10.0] AndroidManifest.xml:71:13-37
174            <intent-filter>
174-->[androidx.work:work-runtime:2.10.0] AndroidManifest.xml:73:13-76:29
175                <action android:name="android.intent.action.ACTION_POWER_CONNECTED" />
175-->[androidx.work:work-runtime:2.10.0] AndroidManifest.xml:74:17-87
175-->[androidx.work:work-runtime:2.10.0] AndroidManifest.xml:74:25-84
176                <action android:name="android.intent.action.ACTION_POWER_DISCONNECTED" />
176-->[androidx.work:work-runtime:2.10.0] AndroidManifest.xml:75:17-90
176-->[androidx.work:work-runtime:2.10.0] AndroidManifest.xml:75:25-87
177            </intent-filter>
178        </receiver>
179        <receiver
179-->[androidx.work:work-runtime:2.10.0] AndroidManifest.xml:78:9-88:20
180            android:name="androidx.work.impl.background.systemalarm.ConstraintProxy$BatteryNotLowProxy"
180-->[androidx.work:work-runtime:2.10.0] AndroidManifest.xml:79:13-104
181            android:directBootAware="false"
181-->[androidx.work:work-runtime:2.10.0] AndroidManifest.xml:80:13-44
182            android:enabled="false"
182-->[androidx.work:work-runtime:2.10.0] AndroidManifest.xml:81:13-36
183            android:exported="false" >
183-->[androidx.work:work-runtime:2.10.0] AndroidManifest.xml:82:13-37
184            <intent-filter>
184-->[androidx.work:work-runtime:2.10.0] AndroidManifest.xml:84:13-87:29
185                <action android:name="android.intent.action.BATTERY_OKAY" />
185-->[androidx.work:work-runtime:2.10.0] AndroidManifest.xml:85:17-77
185-->[androidx.work:work-runtime:2.10.0] AndroidManifest.xml:85:25-74
186                <action android:name="android.intent.action.BATTERY_LOW" />
186-->[androidx.work:work-runtime:2.10.0] AndroidManifest.xml:86:17-76
186-->[androidx.work:work-runtime:2.10.0] AndroidManifest.xml:86:25-73
187            </intent-filter>
188        </receiver>
189        <receiver
189-->[androidx.work:work-runtime:2.10.0] AndroidManifest.xml:89:9-99:20
190            android:name="androidx.work.impl.background.systemalarm.ConstraintProxy$StorageNotLowProxy"
190-->[androidx.work:work-runtime:2.10.0] AndroidManifest.xml:90:13-104
191            android:directBootAware="false"
191-->[androidx.work:work-runtime:2.10.0] AndroidManifest.xml:91:13-44
192            android:enabled="false"
192-->[androidx.work:work-runtime:2.10.0] AndroidManifest.xml:92:13-36
193            android:exported="false" >
193-->[androidx.work:work-runtime:2.10.0] AndroidManifest.xml:93:13-37
194            <intent-filter>
194-->[androidx.work:work-runtime:2.10.0] AndroidManifest.xml:95:13-98:29
195                <action android:name="android.intent.action.DEVICE_STORAGE_LOW" />
195-->[androidx.work:work-runtime:2.10.0] AndroidManifest.xml:96:17-83
195-->[androidx.work:work-runtime:2.10.0] AndroidManifest.xml:96:25-80
196                <action android:name="android.intent.action.DEVICE_STORAGE_OK" />
196-->[androidx.work:work-runtime:2.10.0] AndroidManifest.xml:97:17-82
196-->[androidx.work:work-runtime:2.10.0] AndroidManifest.xml:97:25-79
197            </intent-filter>
198        </receiver>
199        <receiver
199-->[androidx.work:work-runtime:2.10.0] AndroidManifest.xml:100:9-109:20
200            android:name="androidx.work.impl.background.systemalarm.ConstraintProxy$NetworkStateProxy"
200-->[androidx.work:work-runtime:2.10.0] AndroidManifest.xml:101:13-103
201            android:directBootAware="false"
201-->[androidx.work:work-runtime:2.10.0] AndroidManifest.xml:102:13-44
202            android:enabled="false"
202-->[androidx.work:work-runtime:2.10.0] AndroidManifest.xml:103:13-36
203            android:exported="false" >
203-->[androidx.work:work-runtime:2.10.0] AndroidManifest.xml:104:13-37
204            <intent-filter>
204-->[androidx.work:work-runtime:2.10.0] AndroidManifest.xml:106:13-108:29
205                <action android:name="android.net.conn.CONNECTIVITY_CHANGE" />
205-->[androidx.work:work-runtime:2.10.0] AndroidManifest.xml:107:17-79
205-->[androidx.work:work-runtime:2.10.0] AndroidManifest.xml:107:25-76
206            </intent-filter>
207        </receiver>
208        <receiver
208-->[androidx.work:work-runtime:2.10.0] AndroidManifest.xml:110:9-121:20
209            android:name="androidx.work.impl.background.systemalarm.RescheduleReceiver"
209-->[androidx.work:work-runtime:2.10.0] AndroidManifest.xml:111:13-88
210            android:directBootAware="false"
210-->[androidx.work:work-runtime:2.10.0] AndroidManifest.xml:112:13-44
211            android:enabled="false"
211-->[androidx.work:work-runtime:2.10.0] AndroidManifest.xml:113:13-36
212            android:exported="false" >
212-->[androidx.work:work-runtime:2.10.0] AndroidManifest.xml:114:13-37
213            <intent-filter>
213-->[androidx.work:work-runtime:2.10.0] AndroidManifest.xml:116:13-120:29
214                <action android:name="android.intent.action.BOOT_COMPLETED" />
214-->[androidx.work:work-runtime:2.10.0] AndroidManifest.xml:117:17-79
214-->[androidx.work:work-runtime:2.10.0] AndroidManifest.xml:117:25-76
215                <action android:name="android.intent.action.TIME_SET" />
215-->[androidx.work:work-runtime:2.10.0] AndroidManifest.xml:118:17-73
215-->[androidx.work:work-runtime:2.10.0] AndroidManifest.xml:118:25-70
216                <action android:name="android.intent.action.TIMEZONE_CHANGED" />
216-->[androidx.work:work-runtime:2.10.0] AndroidManifest.xml:119:17-81
216-->[androidx.work:work-runtime:2.10.0] AndroidManifest.xml:119:25-78
217            </intent-filter>
218        </receiver>
219        <receiver
219-->[androidx.work:work-runtime:2.10.0] AndroidManifest.xml:122:9-131:20
220            android:name="androidx.work.impl.background.systemalarm.ConstraintProxyUpdateReceiver"
220-->[androidx.work:work-runtime:2.10.0] AndroidManifest.xml:123:13-99
221            android:directBootAware="false"
221-->[androidx.work:work-runtime:2.10.0] AndroidManifest.xml:124:13-44
222            android:enabled="@bool/enable_system_alarm_service_default"
222-->[androidx.work:work-runtime:2.10.0] AndroidManifest.xml:125:13-72
223            android:exported="false" >
223-->[androidx.work:work-runtime:2.10.0] AndroidManifest.xml:126:13-37
224            <intent-filter>
224-->[androidx.work:work-runtime:2.10.0] AndroidManifest.xml:128:13-130:29
225                <action android:name="androidx.work.impl.background.systemalarm.UpdateProxies" />
225-->[androidx.work:work-runtime:2.10.0] AndroidManifest.xml:129:17-98
225-->[androidx.work:work-runtime:2.10.0] AndroidManifest.xml:129:25-95
226            </intent-filter>
227        </receiver>
228        <receiver
228-->[androidx.work:work-runtime:2.10.0] AndroidManifest.xml:132:9-142:20
229            android:name="androidx.work.impl.diagnostics.DiagnosticsReceiver"
229-->[androidx.work:work-runtime:2.10.0] AndroidManifest.xml:133:13-78
230            android:directBootAware="false"
230-->[androidx.work:work-runtime:2.10.0] AndroidManifest.xml:134:13-44
231            android:enabled="true"
231-->[androidx.work:work-runtime:2.10.0] AndroidManifest.xml:135:13-35
232            android:exported="true"
232-->[androidx.work:work-runtime:2.10.0] AndroidManifest.xml:136:13-36
233            android:permission="android.permission.DUMP" >
233-->[androidx.work:work-runtime:2.10.0] AndroidManifest.xml:137:13-57
234            <intent-filter>
234-->[androidx.work:work-runtime:2.10.0] AndroidManifest.xml:139:13-141:29
235                <action android:name="androidx.work.diagnostics.REQUEST_DIAGNOSTICS" />
235-->[androidx.work:work-runtime:2.10.0] AndroidManifest.xml:140:17-88
235-->[androidx.work:work-runtime:2.10.0] AndroidManifest.xml:140:25-85
236            </intent-filter>
237        </receiver>
238
239        <activity
239-->[androidx.compose.ui:ui-tooling-android:1.7.6] AndroidManifest.xml:23:9-25:39
240            android:name="androidx.compose.ui.tooling.PreviewActivity"
240-->[androidx.compose.ui:ui-tooling-android:1.7.6] AndroidManifest.xml:24:13-71
241            android:exported="true" />
241-->[androidx.compose.ui:ui-tooling-android:1.7.6] AndroidManifest.xml:25:13-36
242        <activity
242-->[androidx.compose.ui:ui-test-manifest:1.7.6] AndroidManifest.xml:23:9-25:39
243            android:name="androidx.activity.ComponentActivity"
243-->[androidx.compose.ui:ui-test-manifest:1.7.6] AndroidManifest.xml:24:13-63
244            android:exported="true" />
244-->[androidx.compose.ui:ui-test-manifest:1.7.6] AndroidManifest.xml:25:13-36
245
246        <receiver
246-->[androidx.profileinstaller:profileinstaller:1.3.1] AndroidManifest.xml:34:9-52:20
247            android:name="androidx.profileinstaller.ProfileInstallReceiver"
247-->[androidx.profileinstaller:profileinstaller:1.3.1] AndroidManifest.xml:35:13-76
248            android:directBootAware="false"
248-->[androidx.profileinstaller:profileinstaller:1.3.1] AndroidManifest.xml:36:13-44
249            android:enabled="true"
249-->[androidx.profileinstaller:profileinstaller:1.3.1] AndroidManifest.xml:37:13-35
250            android:exported="true"
250-->[androidx.profileinstaller:profileinstaller:1.3.1] AndroidManifest.xml:38:13-36
251            android:permission="android.permission.DUMP" >
251-->[androidx.profileinstaller:profileinstaller:1.3.1] AndroidManifest.xml:39:13-57
252            <intent-filter>
252-->[androidx.profileinstaller:profileinstaller:1.3.1] AndroidManifest.xml:40:13-42:29
253                <action android:name="androidx.profileinstaller.action.INSTALL_PROFILE" />
253-->[androidx.profileinstaller:profileinstaller:1.3.1] AndroidManifest.xml:41:17-91
253-->[androidx.profileinstaller:profileinstaller:1.3.1] AndroidManifest.xml:41:25-88
254            </intent-filter>
255            <intent-filter>
255-->[androidx.profileinstaller:profileinstaller:1.3.1] AndroidManifest.xml:43:13-45:29
256                <action android:name="androidx.profileinstaller.action.SKIP_FILE" />
256-->[androidx.profileinstaller:profileinstaller:1.3.1] AndroidManifest.xml:44:17-85
256-->[androidx.profileinstaller:profileinstaller:1.3.1] AndroidManifest.xml:44:25-82
257            </intent-filter>
258            <intent-filter>
258-->[androidx.profileinstaller:profileinstaller:1.3.1] AndroidManifest.xml:46:13-48:29
259                <action android:name="androidx.profileinstaller.action.SAVE_PROFILE" />
259-->[androidx.profileinstaller:profileinstaller:1.3.1] AndroidManifest.xml:47:17-88
259-->[androidx.profileinstaller:profileinstaller:1.3.1] AndroidManifest.xml:47:25-85
260            </intent-filter>
261            <intent-filter>
261-->[androidx.profileinstaller:profileinstaller:1.3.1] AndroidManifest.xml:49:13-51:29
262                <action android:name="androidx.profileinstaller.action.BENCHMARK_OPERATION" />
262-->[androidx.profileinstaller:profileinstaller:1.3.1] AndroidManifest.xml:50:17-95
262-->[androidx.profileinstaller:profileinstaller:1.3.1] AndroidManifest.xml:50:25-92
263            </intent-filter>
264        </receiver>
265
266        <service
266-->[androidx.room:room-runtime:2.6.1] AndroidManifest.xml:24:9-28:63
267            android:name="androidx.room.MultiInstanceInvalidationService"
267-->[androidx.room:room-runtime:2.6.1] AndroidManifest.xml:25:13-74
268            android:directBootAware="true"
268-->[androidx.room:room-runtime:2.6.1] AndroidManifest.xml:26:13-43
269            android:exported="false" />
269-->[androidx.room:room-runtime:2.6.1] AndroidManifest.xml:27:13-37
270    </application>
271
272</manifest>